# JRE version: OpenJDK Runtime Environment (8.0_202-b03) (build 1.8.0_202-release-1483-b03)
# Java VM: OpenJDK 64-Bit Server VM (25.202-b03 mixed mode windows-amd64 compressed oops)
Heap:
 PSYoungGen      total 166912K, used 31211K [0x00000000e0000000, 0x00000000eff80000, 0x0000000100000000)
  eden space 135680K, 0% used [0x00000000e0000000,0x00000000e0000000,0x00000000e8480000)
  from space 31232K, 99% used [0x00000000e8480000,0x00000000ea2fae08,0x00000000ea300000)
  to   space 51200K, 0% used [0x00000000ecd80000,0x00000000ecd80000,0x00000000eff80000)
 ParOldGen       total 145920K, used 124210K [0x00000000a0000000, 0x00000000a8e80000, 0x00000000e0000000)
  object space 145920K, 85% used [0x00000000a0000000,0x00000000a794ca68,0x00000000a8e80000)
 Metaspace       used 98267K, capacity 102700K, committed 102784K, reserved 1138688K
  class space    used 12478K, capacity 13361K, committed 13440K, reserved 1048576K
GC Heap History (10 events):
Event: 1187.371 GC heap after
Heap after GC invocations=60 (full 5):
 PSYoungGen      total 167424K, used 16506K [0x00000000e0000000, 0x00000000ed200000, 0x0000000100000000)
  eden space 150528K, 0% used [0x00000000e0000000,0x00000000e0000000,0x00000000e9300000)
  from space 16896K, 97% used [0x00000000e9880000,0x00000000ea89e8c8,0x00000000ea900000)
  to   space 32256K, 0% used [0x00000000eb280000,0x00000000eb280000,0x00000000ed200000)
 ParOldGen       total 145920K, used 73999K [0x00000000a0000000, 0x00000000a8e80000, 0x00000000e0000000)
  object space 145920K, 50% used [0x00000000a0000000,0x00000000a4843fd0,0x00000000a8e80000)
 Metaspace       used 96279K, capacity 100576K, committed 100736K, reserved 1136640K
  class space    used 12301K, capacity 13133K, committed 13184K, reserved 1048576K
}
Event: 1190.573 GC heap before
{Heap before GC invocations=61 (full 5):
 PSYoungGen      total 167424K, used 166825K [0x00000000e0000000, 0x00000000ed200000, 0x0000000100000000)
  eden space 150528K, 99% used [0x00000000e0000000,0x00000000e92cbcf0,0x00000000e9300000)
  from space 16896K, 97% used [0x00000000e9880000,0x00000000ea89e8c8,0x00000000ea900000)
  to   space 32256K, 0% used [0x00000000eb280000,0x00000000eb280000,0x00000000ed200000)
 ParOldGen       total 145920K, used 73999K [0x00000000a0000000, 0x00000000a8e80000, 0x00000000e0000000)
  object space 145920K, 50% used [0x00000000a0000000,0x00000000a4843fd0,0x00000000a8e80000)
 Metaspace       used 96847K, capacity 101196K, committed 101376K, reserved 1136640K
  class space    used 12343K, capacity 13211K, committed 13312K, reserved 1048576K
Event: 1190.590 GC heap after
Heap after GC invocations=61 (full 5):
 PSYoungGen      total 169472K, used 9640K [0x00000000e0000000, 0x00000000eca00000, 0x0000000100000000)
  eden space 145408K, 0% used [0x00000000e0000000,0x00000000e0000000,0x00000000e8e00000)
  from space 24064K, 40% used [0x00000000eb280000,0x00000000ebbea0a8,0x00000000eca00000)
  to   space 30720K, 0% used [0x00000000e8e00000,0x00000000e8e00000,0x00000000eac00000)
 ParOldGen       total 145920K, used 80399K [0x00000000a0000000, 0x00000000a8e80000, 0x00000000e0000000)
  object space 145920K, 55% used [0x00000000a0000000,0x00000000a4e83d48,0x00000000a8e80000)
 Metaspace       used 96847K, capacity 101196K, committed 101376K, reserved 1136640K
  class space    used 12343K, capacity 13211K, committed 13312K, reserved 1048576K
}
Event: 1357.155 GC heap before
{Heap before GC invocations=62 (full 5):
 PSYoungGen      total 169472K, used 155048K [0x00000000e0000000, 0x00000000eca00000, 0x0000000100000000)
  eden space 145408K, 100% used [0x00000000e0000000,0x00000000e8e00000,0x00000000e8e00000)
  from space 24064K, 40% used [0x00000000eb280000,0x00000000ebbea0a8,0x00000000eca00000)
  to   space 30720K, 0% used [0x00000000e8e00000,0x00000000e8e00000,0x00000000eac00000)
 ParOldGen       total 145920K, used 80399K [0x00000000a0000000, 0x00000000a8e80000, 0x00000000e0000000)
  object space 145920K, 55% used [0x00000000a0000000,0x00000000a4e83d48,0x00000000a8e80000)
 Metaspace       used 97545K, capacity 101948K, committed 102144K, reserved 1138688K
  class space    used 12411K, capacity 13283K, committed 13312K, reserved 1048576K
Event: 1357.170 GC heap after
Heap after GC invocations=62 (full 5):
 PSYoungGen      total 147968K, used 7510K [0x00000000e0000000, 0x00000000ec300000, 0x0000000100000000)
  eden space 140288K, 0% used [0x00000000e0000000,0x00000000e0000000,0x00000000e8900000)
  from space 7680K, 97% used [0x00000000e8e00000,0x00000000e9555a08,0x00000000e9580000)
  to   space 29696K, 0% used [0x00000000ea600000,0x00000000ea600000,0x00000000ec300000)
 ParOldGen       total 145920K, used 81617K [0x00000000a0000000, 0x00000000a8e80000, 0x00000000e0000000)
  object space 145920K, 55% used [0x00000000a0000000,0x00000000a4fb4460,0x00000000a8e80000)
 Metaspace       used 97545K, capacity 101948K, committed 102144K, reserved 1138688K
  class space    used 12411K, capacity 13283K, committed 13312K, reserved 1048576K
}
Event: 1358.466 GC heap before
{Heap before GC invocations=63 (full 5):
 PSYoungGen      total 147968K, used 147798K [0x00000000e0000000, 0x00000000ec300000, 0x0000000100000000)
  eden space 140288K, 100% used [0x00000000e0000000,0x00000000e8900000,0x00000000e8900000)
  from space 7680K, 97% used [0x00000000e8e00000,0x00000000e9555a08,0x00000000e9580000)
  to   space 29696K, 0% used [0x00000000ea600000,0x00000000ea600000,0x00000000ec300000)
 ParOldGen       total 145920K, used 81617K [0x00000000a0000000, 0x00000000a8e80000, 0x00000000e0000000)
  object space 145920K, 55% used [0x00000000a0000000,0x00000000a4fb4460,0x00000000a8e80000)
 Metaspace       used 97745K, capacity 102220K, committed 102528K, reserved 1138688K
  class space    used 12427K, capacity 13329K, committed 13440K, reserved 1048576K
Event: 1358.486 GC heap after
Heap after GC invocations=63 (full 5):
 PSYoungGen      total 163840K, used 21461K [0x00000000e0000000, 0x00000000ec180000, 0x0000000100000000)
  eden space 135680K, 0% used [0x00000000e0000000,0x00000000e0000000,0x00000000e8480000)
  from space 28160K, 76% used [0x00000000ea600000,0x00000000ebaf5758,0x00000000ec180000)
  to   space 31232K, 0% used [0x00000000e8480000,0x00000000e8480000,0x00000000ea300000)
 ParOldGen       total 145920K, used 83993K [0x00000000a0000000, 0x00000000a8e80000, 0x00000000e0000000)
  object space 145920K, 57% used [0x00000000a0000000,0x00000000a5206640,0x00000000a8e80000)
 Metaspace       used 97745K, capacity 102220K, committed 102528K, reserved 1138688K
  class space    used 12427K, capacity 13329K, committed 13440K, reserved 1048576K
}
Event: 1358.916 GC heap before
{Heap before GC invocations=64 (full 5):
 PSYoungGen      total 163840K, used 157141K [0x00000000e0000000, 0x00000000ec180000, 0x0000000100000000)
  eden space 135680K, 100% used [0x00000000e0000000,0x00000000e8480000,0x00000000e8480000)
  from space 28160K, 76% used [0x00000000ea600000,0x00000000ebaf5758,0x00000000ec180000)
  to   space 31232K, 0% used [0x00000000e8480000,0x00000000e8480000,0x00000000ea300000)
 ParOldGen       total 145920K, used 83993K [0x00000000a0000000, 0x00000000a8e80000, 0x00000000e0000000)
  object space 145920K, 57% used [0x00000000a0000000,0x00000000a5206640,0x00000000a8e80000)
 Metaspace       used 98267K, capacity 102700K, committed 102784K, reserved 1138688K
  class space    used 12478K, capacity 13361K, committed 13440K, reserved 1048576K
Event: 1358.959 GC heap after
Heap after GC invocations=64 (full 5):
 PSYoungGen      total 166912K, used 31211K [0x00000000e0000000, 0x00000000eff80000, 0x0000000100000000)
  eden space 135680K, 0% used [0x00000000e0000000,0x00000000e0000000,0x00000000e8480000)
  from space 31232K, 99% used [0x00000000e8480000,0x00000000ea2fae08,0x00000000ea300000)
  to   space 51200K, 0% used [0x00000000ecd80000,0x00000000ecd80000,0x00000000eff80000)
 ParOldGen       total 145920K, used 124210K [0x00000000a0000000, 0x00000000a8e80000, 0x00000000e0000000)
  object space 145920K, 85% used [0x00000000a0000000,0x00000000a794ca68,0x00000000a8e80000)
 Metaspace       used 98267K, capacity 102700K, committed 102784K, reserved 1138688K
  class space    used 12478K, capacity 13361K, committed 13440K, reserved 1048576K
}
Event: 1358.959 GC heap before
{Heap before GC invocations=65 (full 6):
 PSYoungGen      total 166912K, used 31211K [0x00000000e0000000, 0x00000000eff80000, 0x0000000100000000)
  eden space 135680K, 0% used [0x00000000e0000000,0x00000000e0000000,0x00000000e8480000)
  from space 31232K, 99% used [0x00000000e8480000,0x00000000ea2fae08,0x00000000ea300000)
  to   space 51200K, 0% used [0x00000000ecd80000,0x00000000ecd80000,0x00000000eff80000)
 ParOldGen       total 145920K, used 124210K [0x00000000a0000000, 0x00000000a8e80000, 0x00000000e0000000)
  object space 145920K, 85% used [0x00000000a0000000,0x00000000a794ca68,0x00000000a8e80000)
 Metaspace       used 98267K, capacity 102700K, committed 102784K, reserved 1138688K
  class space    used 12478K, capacity 13361K, committed 13440K, reserved 1048576K

